<?xml version="1.0" encoding="UTF-8"?>
<testsuite name="com.lorenzoconsultores.clothesshopping.UserServiceTest" tests="2" skipped="0" failures="0" errors="0" timestamp="2023-07-28T15:28:19" hostname="PORT-HP01" time="0.144">
  <properties/>
  <testcase name="should_throw_an_exception_when_format_birthDate_is_not_valid()" classname="com.lorenzoconsultores.clothesshopping.UserServiceTest" time="0.133"/>
  <testcase name="should_create_a_new_user()" classname="com.lorenzoconsultores.clothesshopping.UserServiceTest" time="0.01"/>
  <system-out><![CDATA[]]></system-out>
  <system-err><![CDATA[]]></system-err>
</testsuite>
